09-May-2025 13:14:01.755 INFO [main] org.apache.catalina.startup.VersionLoggerListener.log 서버 버전 이름:    Apache Tomcat/10.1.40
09-May-2025 13:14:01.758 INFO [main] org.apache.catalina.startup.VersionLoggerListener.log Server 빌드 시각:  Apr 1 2025 17:20:53 UTC
09-May-2025 13:14:01.758 INFO [main] org.apache.catalina.startup.VersionLoggerListener.log Server 버전 번호:  10.1.40.0
09-May-2025 13:14:01.758 INFO [main] org.apache.catalina.startup.VersionLoggerListener.log 운영체제 이름:     Windows 10
09-May-2025 13:14:01.759 INFO [main] org.apache.catalina.startup.VersionLoggerListener.log 운영체제 버전:     10.0
09-May-2025 13:14:01.759 INFO [main] org.apache.catalina.startup.VersionLoggerListener.log 아키텍처:          amd64
09-May-2025 13:14:01.759 INFO [main] org.apache.catalina.startup.VersionLoggerListener.log 자바 홈:           C:\Program Files\Java\jdk-21
09-May-2025 13:14:01.759 INFO [main] org.apache.catalina.startup.VersionLoggerListener.log JVM 버전:          21.0.7+8-LTS-245
09-May-2025 13:14:01.759 INFO [main] org.apache.catalina.startup.VersionLoggerListener.log JVM 벤더:          Oracle Corporation
09-May-2025 13:14:01.759 INFO [main] org.apache.catalina.startup.VersionLoggerListener.log CATALINA_BASE:     C:\김용준\05 JSP 기초\day02
09-May-2025 13:14:01.759 INFO [main] org.apache.catalina.startup.VersionLoggerListener.log CATALINA_HOME:     C:\김용준\apache-tomcat-10.1.40
09-May-2025 13:14:01.766 INFO [main] org.apache.catalina.startup.VersionLoggerListener.log 명령 행 아규먼트:  --add-opens=java.base/java.lang=ALL-UNNAMED
09-May-2025 13:14:01.767 INFO [main] org.apache.catalina.startup.VersionLoggerListener.log 명령 행 아규먼트:  --add-opens=java.base/java.io=ALL-UNNAMED
09-May-2025 13:14:01.767 INFO [main] org.apache.catalina.startup.VersionLoggerListener.log 명령 행 아규먼트:  --add-opens=java.base/java.util=ALL-UNNAMED
09-May-2025 13:14:01.767 INFO [main] org.apache.catalina.startup.VersionLoggerListener.log 명령 행 아규먼트:  --add-opens=java.base/java.util.concurrent=ALL-UNNAMED
09-May-2025 13:14:01.767 INFO [main] org.apache.catalina.startup.VersionLoggerListener.log 명령 행 아규먼트:  --add-opens=java.rmi/sun.rmi.transport=ALL-UNNAMED
09-May-2025 13:14:01.767 INFO [main] org.apache.catalina.startup.VersionLoggerListener.log 명령 행 아규먼트:  -Dcatalina.home=C:\김용준\apache-tomcat-10.1.40
09-May-2025 13:14:01.767 INFO [main] org.apache.catalina.startup.VersionLoggerListener.log 명령 행 아규먼트:  -Dcatalina.base=C:\김용준\05 JSP 기초\day02
09-May-2025 13:14:01.767 INFO [main] org.apache.catalina.startup.VersionLoggerListener.log 명령 행 아규먼트:  -Djava.io.tmpdir=C:\김용준\05 JSP 기초\day02\temp
09-May-2025 13:14:01.767 INFO [main] org.apache.catalina.startup.VersionLoggerListener.log 명령 행 아규먼트:  -Djava.util.logging.config.file=C:\김용준\05 JSP 기초\day02\conf\logging.properties
09-May-2025 13:14:01.768 INFO [main] org.apache.catalina.startup.VersionLoggerListener.log 명령 행 아규먼트:  -Djava.util.logging.manager=org.apache.juli.ClassLoaderLogManager
09-May-2025 13:14:01.768 INFO [main] org.apache.catalina.startup.VersionLoggerListener.log 명령 행 아규먼트:  -javaagent:C:\Program Files\JetBrains\IntelliJ IDEA Community Edition 2025.1\lib\idea_rt.jar=50872
09-May-2025 13:14:01.769 INFO [main] org.apache.catalina.startup.VersionLoggerListener.log 명령 행 아규먼트:  -Dfile.encoding=UTF-8
09-May-2025 13:14:01.769 INFO [main] org.apache.catalina.startup.VersionLoggerListener.log 명령 행 아규먼트:  -Dsun.stdout.encoding=UTF-8
09-May-2025 13:14:01.770 INFO [main] org.apache.catalina.startup.VersionLoggerListener.log 명령 행 아규먼트:  -Dsun.stderr.encoding=UTF-8
09-May-2025 13:14:01.774 INFO [main] org.apache.catalina.core.AprLifecycleListener.lifecycleEvent 프로덕션 환경들에서 최적의 성능을 제공하는, APR 기반 Apache Tomcat Native 라이브러리가, 다음 java.library.path에서 발견되지 않습니다: [C:\Program Files\Java\jdk-21\bin;C:\Windows\Sun\Java\bin;C:\Windows\system32;C:\Windows;C:\Program Files\Common Files\Oracle\Java\javapath;C:\Windows\system32;C:\Windows;C:\Windows\System32\Wbem;C:\Windows\System32\WindowsPowerShell\v1.0\;C:\Windows\System32\OpenSSH\;C:\Program Files\Bandizip\;C:\Program Files\Git\cmd;C:\Program Files\Docker\Docker\resources\bin;C:\Program Files\nodejs\;C:\Users\admin\AppData\Local\Microsoft\WindowsApps;C:\Users\admin\AppData\Local\Programs\Microsoft VS Code\bin;C:\Users\admin\AppData\Local\GitHubDesktop\bin;C:\Users\admin\AppData\Roaming\npm;.]
09-May-2025 13:14:02.008 INFO [main] org.apache.coyote.AbstractProtocol.init 프로토콜 핸들러 ["http-nio-3000"]을(를) 초기화합니다.
09-May-2025 13:14:02.028 INFO [main] org.apache.catalina.startup.Catalina.load [422] 밀리초 내에 서버가 초기화되었습니다.
09-May-2025 13:14:02.080 INFO [main] org.apache.catalina.core.StandardService.startInternal 서비스 [Catalina]을(를) 시작합니다.
09-May-2025 13:14:02.080 INFO [main] org.apache.catalina.core.StandardEngine.startInternal 서버 엔진을 시작합니다: [Apache Tomcat/10.1.40]
09-May-2025 13:14:02.093 INFO [main] org.apache.catalina.startup.HostConfig.deployDescriptor 배치 descriptor [C:\김용준\05 JSP 기초\day02\conf\Catalina\localhost\day02.xml]을(를) 배치합니다.
09-May-2025 13:14:02.379 INFO [main] org.apache.catalina.startup.HostConfig.deployDescriptor 배치 descriptor [C:\김용준\05 JSP 기초\day02\conf\Catalina\localhost\day02.xml]의 배치가 [286] 밀리초 내에 완료되었습니다.
09-May-2025 13:14:02.382 INFO [main] org.apache.coyote.AbstractProtocol.start 프로토콜 핸들러 ["http-nio-3000"]을(를) 시작합니다.
09-May-2025 13:14:02.396 INFO [main] org.apache.catalina.startup.Catalina.start 서버가 [366] 밀리초 내에 시작되었습니다.
09-May-2025 13:14:33.134 INFO [Thread-1] org.apache.coyote.AbstractProtocol.pause 프로토콜 핸들러 ["http-nio-3000"]을(를) 일시 정지 중
09-May-2025 13:14:33.136 INFO [Thread-1] org.apache.catalina.core.StandardService.stopInternal 서비스 [Catalina]을(를) 중지시킵니다.
09-May-2025 13:14:33.144 INFO [Thread-1] org.apache.coyote.AbstractProtocol.stop 프로토콜 핸들러 ["http-nio-3000"]을(를) 중지시킵니다.
09-May-2025 13:14:33.147 INFO [Thread-1] org.apache.coyote.AbstractProtocol.destroy 프로토콜 핸들러 ["http-nio-3000"]을(를) 소멸시킵니다.
